<?xml version="1.0" encoding="UTF-8"?>
<testsuite name="com.codurance.TurnstyleShould" tests="1" skipped="0" failures="0" errors="0" timestamp="2021-07-05T17:30:53" hostname="Toms-MacBook-Pro-2.local" time="0.044">
  <properties/>
  <testcase name="giveChange_whenPutTooMuchMoney()" classname="com.codurance.TurnstyleShould" time="0.044"/>
  <system-out><![CDATA[]]></system-out>
  <system-err><![CDATA[]]></system-err>
</testsuite>
