<?xml version="1.0" encoding="UTF-8"?>
<testsuite name="com.codurance.TurnstyleShould" tests="6" skipped="0" failures="0" errors="0" timestamp="2021-07-05T17:04:44" hostname="Toms-MacBook-Pro-2.local" time="0.056">
  <properties/>
  <testcase name="raiseError_whenPass_withoutCoin()" classname="com.codurance.TurnstyleShould" time="0.025"/>
  <testcase name="lock_whenPassThrough()" classname="com.codurance.TurnstyleShould" time="0.001"/>
  <testcase name="insert_coin_shouldUnlock()" classname="com.codurance.TurnstyleShould" time="0.001"/>
  <testcase name="be_locked()" classname="com.codurance.TurnstyleShould" time="0.001"/>
  <testcase name="unlock_whenInsertCoin_AfterSomeoneElsePassed()" classname="com.codurance.TurnstyleShould" time="0.019"/>
  <testcase name="insert_twoCoins_shouldBeLocked()" classname="com.codurance.TurnstyleShould" time="0.001"/>
  <system-out><![CDATA[]]></system-out>
  <system-err><![CDATA[]]></system-err>
</testsuite>
